  core.cpp
D:\lab's_\Laxno\lab_2_sem_part_1\1.5\1.5\class.h(29,17): warning C4566: символ, представленный универсальным именем символа "\u00C8", невозможно представить в текущей кодовой странице (1251)
  (компиляция исходного файла "core.cpp")
  
D:\lab's_\Laxno\lab_2_sem_part_1\1.5\1.5\class.h(29,17): warning C4566: символ, представленный универсальным именем символа "\u00EC", невозможно представить в текущей кодовой странице (1251)
  (компиляция исходного файла "core.cpp")
  
D:\lab's_\Laxno\lab_2_sem_part_1\1.5\1.5\class.h(29,17): warning C4566: символ, представленный универсальным именем символа "\u00FF", невозможно представить в текущей кодовой странице (1251)
  (компиляция исходного файла "core.cpp")
  
D:\lab's_\Laxno\lab_2_sem_part_1\1.5\1.5\class.h(29,47): warning C4566: символ, представленный универсальным именем символа "\u00C2", невозможно представить в текущей кодовой странице (1251)
  (компиляция исходного файла "core.cpp")
  
D:\lab's_\Laxno\lab_2_sem_part_1\1.5\1.5\class.h(29,47): warning C4566: символ, представленный универсальным именем символа "\u00EE", невозможно представить в текущей кодовой странице (1251)
  (компиляция исходного файла "core.cpp")
  
D:\lab's_\Laxno\lab_2_sem_part_1\1.5\1.5\class.h(29,47): warning C4566: символ, представленный универсальным именем символа "\u00E7", невозможно представить в текущей кодовой странице (1251)
  (компиляция исходного файла "core.cpp")
  
D:\lab's_\Laxno\lab_2_sem_part_1\1.5\1.5\class.h(29,47): warning C4566: символ, представленный универсальным именем символа "\u00F0", невозможно представить в текущей кодовой странице (1251)
  (компиляция исходного файла "core.cpp")
  
D:\lab's_\Laxno\lab_2_sem_part_1\1.5\1.5\class.h(29,47): warning C4566: символ, представленный универсальным именем символа "\u00E0", невозможно представить в текущей кодовой странице (1251)
  (компиляция исходного файла "core.cpp")
  
D:\lab's_\Laxno\lab_2_sem_part_1\1.5\1.5\class.h(29,47): warning C4566: символ, представленный универсальным именем символа "\u00F1", невозможно представить в текущей кодовой странице (1251)
  (компиляция исходного файла "core.cpp")
  
D:\lab's_\Laxno\lab_2_sem_part_1\1.5\1.5\class.h(29,47): warning C4566: символ, представленный универсальным именем символа "\u00F2", невозможно представить в текущей кодовой странице (1251)
  (компиляция исходного файла "core.cpp")
  
D:\lab's_\Laxno\lab_2_sem_part_1\1.5\1.5\class.h(29,85): warning C4566: символ, представленный универсальным именем символа "\u00D1", невозможно представить в текущей кодовой странице (1251)
  (компиляция исходного файла "core.cpp")
  
D:\lab's_\Laxno\lab_2_sem_part_1\1.5\1.5\class.h(29,85): warning C4566: символ, представленный универсальным именем символа "\u00EF", невозможно представить в текущей кодовой странице (1251)
  (компиляция исходного файла "core.cpp")
  
D:\lab's_\Laxno\lab_2_sem_part_1\1.5\1.5\class.h(29,85): warning C4566: символ, представленный универсальным именем символа "\u00E5", невозможно представить в текущей кодовой странице (1251)
  (компиляция исходного файла "core.cpp")
  
D:\lab's_\Laxno\lab_2_sem_part_1\1.5\1.5\class.h(29,85): warning C4566: символ, представленный универсальным именем символа "\u00F6", невозможно представить в текущей кодовой странице (1251)
  (компиляция исходного файла "core.cpp")
  
D:\lab's_\Laxno\lab_2_sem_part_1\1.5\1.5\class.h(29,85): warning C4566: символ, представленный универсальным именем символа "\u00E8", невозможно представить в текущей кодовой странице (1251)
  (компиляция исходного файла "core.cpp")
  
D:\lab's_\Laxno\lab_2_sem_part_1\1.5\1.5\class.h(29,85): warning C4566: символ, представленный универсальным именем символа "\u00E0", невозможно представить в текущей кодовой странице (1251)
  (компиляция исходного файла "core.cpp")
  
D:\lab's_\Laxno\lab_2_sem_part_1\1.5\1.5\class.h(29,85): warning C4566: символ, представленный универсальным именем символа "\u00EB", невозможно представить в текущей кодовой странице (1251)
  (компиляция исходного файла "core.cpp")
  
D:\lab's_\Laxno\lab_2_sem_part_1\1.5\1.5\class.h(29,85): warning C4566: символ, представленный универсальным именем символа "\u00FC", невозможно представить в текущей кодовой странице (1251)
  (компиляция исходного файла "core.cpp")
  
D:\lab's_\Laxno\lab_2_sem_part_1\1.5\1.5\class.h(29,85): warning C4566: символ, представленный универсальным именем символа "\u00ED", невозможно представить в текущей кодовой странице (1251)
  (компиляция исходного файла "core.cpp")
  
D:\lab's_\Laxno\lab_2_sem_part_1\1.5\1.5\class.h(29,85): warning C4566: символ, представленный универсальным именем символа "\u00EE", невозможно представить в текущей кодовой странице (1251)
  (компиляция исходного файла "core.cpp")
  
D:\lab's_\Laxno\lab_2_sem_part_1\1.5\1.5\class.h(29,85): warning C4566: символ, представленный универсальным именем символа "\u00F1", невозможно представить в текущей кодовой странице (1251)
  (компиляция исходного файла "core.cpp")
  
D:\lab's_\Laxno\lab_2_sem_part_1\1.5\1.5\class.h(29,85): warning C4566: символ, представленный универсальным именем символа "\u00F2", невозможно представить в текущей кодовой странице (1251)
  (компиляция исходного файла "core.cpp")
  
D:\lab's_\Laxno\lab_2_sem_part_1\1.5\1.5\class.h(29,137): warning C4566: символ, представленный универсальным именем символа "\u00CE", невозможно представить в текущей кодовой странице (1251)
  (компиляция исходного файла "core.cpp")
  
D:\lab's_\Laxno\lab_2_sem_part_1\1.5\1.5\class.h(29,137): warning C4566: символ, представленный универсальным именем символа "\u00EF", невозможно представить в текущей кодовой странице (1251)
  (компиляция исходного файла "core.cpp")
  
D:\lab's_\Laxno\lab_2_sem_part_1\1.5\1.5\class.h(29,137): warning C4566: символ, представленный универсальным именем символа "\u00EB", невозможно представить в текущей кодовой странице (1251)
  (компиляция исходного файла "core.cpp")
  
D:\lab's_\Laxno\lab_2_sem_part_1\1.5\1.5\class.h(29,137): warning C4566: символ, представленный универсальным именем символа "\u00E0", невозможно представить в текущей кодовой странице (1251)
  (компиляция исходного файла "core.cpp")
  
D:\lab's_\Laxno\lab_2_sem_part_1\1.5\1.5\class.h(29,137): warning C4566: символ, представленный универсальным именем символа "\u00F2", невозможно представить в текущей кодовой странице (1251)
  (компиляция исходного файла "core.cpp")
  
D:\lab's_\Laxno\lab_2_sem_part_1\1.5\1.5\class.h(29,137): warning C4566: символ, представленный универсальным именем символа "\u00EE", невозможно представить в текущей кодовой странице (1251)
  (компиляция исходного файла "core.cpp")
  
D:\lab's_\Laxno\lab_2_sem_part_1\1.5\1.5\class.h(29,137): warning C4566: символ, представленный универсальным именем символа "\u00E1", невозможно представить в текущей кодовой странице (1251)
  (компиляция исходного файла "core.cpp")
  
D:\lab's_\Laxno\lab_2_sem_part_1\1.5\1.5\class.h(29,137): warning C4566: символ, представленный универсальным именем символа "\u00F3", невозможно представить в текущей кодовой странице (1251)
  (компиляция исходного файла "core.cpp")
  
D:\lab's_\Laxno\lab_2_sem_part_1\1.5\1.5\class.h(29,137): warning C4566: символ, представленный универсальным именем символа "\u00F7", невозможно представить в текущей кодовой странице (1251)
  (компиляция исходного файла "core.cpp")
  
D:\lab's_\Laxno\lab_2_sem_part_1\1.5\1.5\class.h(29,137): warning C4566: символ, представленный универсальным именем символа "\u00E5", невозможно представить в текущей кодовой странице (1251)
  (компиляция исходного файла "core.cpp")
  
D:\lab's_\Laxno\lab_2_sem_part_1\1.5\1.5\class.h(29,137): warning C4566: символ, представленный универсальным именем символа "\u00ED", невозможно представить в текущей кодовой странице (1251)
  (компиляция исходного файла "core.cpp")
  
D:\lab's_\Laxno\lab_2_sem_part_1\1.5\1.5\class.h(29,137): warning C4566: символ, представленный универсальным именем символа "\u00E8", невозможно представить в текущей кодовой странице (1251)
  (компиляция исходного файла "core.cpp")
  
D:\lab's_\Laxno\lab_2_sem_part_1\1.5\1.5\class.h(29,137): warning C4566: символ, представленный универсальным именем символа "\u00FF", невозможно представить в текущей кодовой странице (1251)
  (компиляция исходного файла "core.cpp")
  
D:\lab's_\Laxno\lab_2_sem_part_1\1.5\1.5\class.h(29,198): warning C4566: символ, представленный универсальным именем символа "\u00D1", невозможно представить в текущей кодовой странице (1251)
  (компиляция исходного файла "core.cpp")
  
D:\lab's_\Laxno\lab_2_sem_part_1\1.5\1.5\class.h(29,198): warning C4566: символ, представленный универсальным именем символа "\u00E5", невозможно представить в текущей кодовой странице (1251)
  (компиляция исходного файла "core.cpp")
  
D:\lab's_\Laxno\lab_2_sem_part_1\1.5\1.5\class.h(29,198): warning C4566: символ, представленный универсальным именем символа "\u00EC", невозможно представить в текущей кодовой странице (1251)
  (компиляция исходного файла "core.cpp")
  
D:\lab's_\Laxno\lab_2_sem_part_1\1.5\1.5\class.h(29,198): warning C4566: символ, представленный универсальным именем символа "\u00F1", невозможно представить в текущей кодовой странице (1251)
  (компиляция исходного файла "core.cpp")
  
D:\lab's_\Laxno\lab_2_sem_part_1\1.5\1.5\class.h(29,198): warning C4566: символ, представленный универсальным именем символа "\u00F2", невозможно представить в текущей кодовой странице (1251)
  (компиляция исходного файла "core.cpp")
  
D:\lab's_\Laxno\lab_2_sem_part_1\1.5\1.5\class.h(29,198): warning C4566: символ, представленный универсальным именем символа "\u00F0", невозможно представить в текущей кодовой странице (1251)
  (компиляция исходного файла "core.cpp")
  
D:\lab's_\Laxno\lab_2_sem_part_1\1.5\1.5\class.h(49,18): warning C4101: semester: неиспользованная локальная переменная
  (компиляция исходного файла "core.cpp")
  
D:\lab's_\Laxno\lab_2_sem_part_1\1.5\1.5\class.h(49,13): warning C4101: age: неиспользованная локальная переменная
  (компиляция исходного файла "core.cpp")
  
D:\lab's_\Laxno\lab_2_sem_part_1\1.5\1.5\class.h(50,14): warning C4101: tuitionPaid: неиспользованная локальная переменная
  (компиляция исходного файла "core.cpp")
  
  1.5.vcxproj -> D:\lab's_\Laxno\lab_2_sem_part_1\1.5\x64\Debug\1.5.exe
